Copyright 1986-2021 Xilinx, Inc. All Rights Reserved.
---------------------------------------------------------------------------------------------------------
| Tool Version : Vivado v.2021.1 (win64) Build 3247384 Thu Jun 10 19:36:33 MDT 2021
| Date         : Mon Nov 15 14:31:32 2021
| Host         : LAPTOP-RGVKIBK7 running 64-bit major release  (build 9200)
| Command      : report_clock_utilization -file example_ibert_7series_gtp_0_clock_utilization_routed.rpt
| Design       : example_ibert_7series_gtp_0
| Device       : 7a50t-fgg484
| Speed File   : -1  PRODUCTION 1.23 2018-06-13
| Design State : Routed
---------------------------------------------------------------------------------------------------------

Clock Utilization Report

Table of Contents
-----------------
1. Clock Primitive Utilization
2. Global Clock Resources
3. Global Clock Source Details
4. Local Clock Details
5. Clock Regions: Key Resource Utilization
6. Clock Regions : Global Clock Summary
7. Device Cell Placement Summary for Global Clock g0
8. Device Cell Placement Summary for Global Clock g1
9. Device Cell Placement Summary for Global Clock g2
10. Device Cell Placement Summary for Global Clock g3
11. Device Cell Placement Summary for Global Clock g4
12. Device Cell Placement Summary for Global Clock g5
13. Device Cell Placement Summary for Global Clock g6
14. Clock Region Cell Placement per Global Clock: Region X0Y1
15. Clock Region Cell Placement per Global Clock: Region X1Y1
16. Clock Region Cell Placement per Global Clock: Region X0Y2
17. Clock Region Cell Placement per Global Clock: Region X1Y2

1. Clock Primitive Utilization
------------------------------

+----------+------+-----------+-----+--------------+--------+
| Type     | Used | Available | LOC | Clock Region | Pblock |
+----------+------+-----------+-----+--------------+--------+
| BUFGCTRL |    1 |        32 |   0 |            0 |      0 |
| BUFH     |    5 |        72 |   5 |            0 |      0 |
| BUFIO    |    0 |        20 |   0 |            0 |      0 |
| BUFMR    |    0 |        10 |   0 |            0 |      0 |
| BUFR     |    1 |        20 |   0 |            0 |      0 |
| MMCM     |    1 |         5 |   0 |            0 |      0 |
| PLL      |    0 |         5 |   0 |            0 |      0 |
+----------+------+-----------+-----+--------------+--------+


2. Global Clock Resources
-------------------------

+-----------+-----------+-----------------+--------------+---------------+--------------+-------------------+-------------+-----------------+--------------+-----------+-------------------------------------------------------------------------+-----------------------------------------------------------------+
| Global Id | Source Id | Driver Type/Pin | Constraint   | Site          | Clock Region | Load Clock Region | Clock Loads | Non-Clock Loads | Clock Period | Clock     | Driver Pin                                                              | Net                                                             |
+-----------+-----------+-----------------+--------------+---------------+--------------+-------------------+-------------+-----------------+--------------+-----------+-------------------------------------------------------------------------+-----------------------------------------------------------------+
| g0        | src0      | BUFG/O          | None         | BUFGCTRL_X0Y0 | n/a          |                 4 |        7659 |               0 |       10.000 | dclk_mmcm | u_ibert_core/inst/SYSCLK_DIVIDER.u_bufg_dclk/O                          | u_ibert_core/inst/dclk                                          |
| g1        | src1      | BUFH/O          | BUFHCE_X1Y24 | BUFHCE_X1Y24  | X1Y2         |                 1 |         936 |               0 |        5.120 | Q0_TX0    | u_ibert_core/inst/QUAD[0].u_q/u_common/u_clocking/local_txusr.u_txusr/O | u_ibert_core/inst/QUAD[0].u_q/u_common/u_clocking/TXUSRCLK_O[0] |
| g2        | src2      | BUFH/O          | BUFHCE_X1Y25 | BUFHCE_X1Y25  | X1Y2         |                 1 |         458 |               0 |        5.120 | Q0_RXCLK0 | u_ibert_core/inst/QUAD[0].u_q/u_common/u_clocking/rx_ind.u_rxusr0/O     | u_ibert_core/inst/QUAD[0].u_q/u_common/u_clocking/RXUSRCLK_O[0] |
| g3        | src3      | BUFH/O          | BUFHCE_X1Y26 | BUFHCE_X1Y26  | X1Y2         |                 1 |         458 |               0 |        5.120 | Q0_RXCLK1 | u_ibert_core/inst/QUAD[0].u_q/u_common/u_clocking/rx_ind.u_rxusr1/O     | u_ibert_core/inst/QUAD[0].u_q/u_common/u_clocking/RXUSRCLK_O[1] |
| g4        | src4      | BUFH/O          | BUFHCE_X1Y27 | BUFHCE_X1Y27  | X1Y2         |                 1 |         458 |               0 |        5.120 | Q0_RXCLK2 | u_ibert_core/inst/QUAD[0].u_q/u_common/u_clocking/rx_ind.u_rxusr2/O     | u_ibert_core/inst/QUAD[0].u_q/u_common/u_clocking/RXUSRCLK_O[2] |
| g5        | src5      | BUFH/O          | BUFHCE_X1Y28 | BUFHCE_X1Y28  | X1Y2         |                 1 |         458 |               0 |        5.120 | Q0_RXCLK3 | u_ibert_core/inst/QUAD[0].u_q/u_common/u_clocking/rx_ind.u_rxusr3/O     | u_ibert_core/inst/QUAD[0].u_q/u_common/u_clocking/RXUSRCLK_O[3] |
| g6        | src6      | BUFR/O          | None         | BUFR_X0Y9     | X0Y2         |                 1 |         256 |               0 |       30.000 | J_CLK     | u_ibert_core/inst/u_bufr/SERIES7_BUFR.BUFR_inst/O                       | u_ibert_core/inst/u_bufr/DRCK_IN                                |
+-----------+-----------+-----------------+--------------+---------------+--------------+-------------------+-------------+-----------------+--------------+-----------+-------------------------------------------------------------------------+-----------------------------------------------------------------+
* Clock Loads column represents the clock pin loads (pin count)
** Non-Clock Loads column represents the non-clock pin loads (pin count)


3. Global Clock Source Details
------------------------------

+-----------+-----------+------------------------+--------------------+--------------------+--------------+-------------+-----------------+---------------------+--------------+-------------------------------------------------------------------+----------------------------------------------------------+
| Source Id | Global Id | Driver Type/Pin        | Constraint         | Site               | Clock Region | Clock Loads | Non-Clock Loads | Source Clock Period | Source Clock | Driver Pin                                                        | Net                                                      |
+-----------+-----------+------------------------+--------------------+--------------------+--------------+-------------+-----------------+---------------------+--------------+-------------------------------------------------------------------+----------------------------------------------------------+
| src0      | g0        | MMCME2_ADV/CLKOUT0     | None               | MMCME2_ADV_X1Y0    | X1Y0         |           1 |               0 |              10.000 | dclk_mmcm    | u_ibert_core/inst/SYSCLK_DIVIDER.U_GT_MMCM/CLKOUT0                | u_ibert_core/inst/dclk_mmcm                              |
| src1      | g1        | GTPE2_CHANNEL/TXOUTCLK | GTPE2_CHANNEL_X0Y0 | GTPE2_CHANNEL_X0Y0 | X1Y2         |           1 |               0 |               5.120 | Q0_TX0       | u_ibert_core/inst/QUAD[0].u_q/CH[0].u_ch/u_gtpe2_channel/TXOUTCLK | u_ibert_core/inst/QUAD[0].u_q/CH[0].u_ch/TXUSRCLK2_EXT_O |
| src2      | g2        | GTPE2_CHANNEL/RXOUTCLK | GTPE2_CHANNEL_X0Y0 | GTPE2_CHANNEL_X0Y0 | X1Y2         |           1 |               0 |               5.120 | Q0_RXCLK0    | u_ibert_core/inst/QUAD[0].u_q/CH[0].u_ch/u_gtpe2_channel/RXOUTCLK | u_ibert_core/inst/QUAD[0].u_q/CH[0].u_ch/RXUSRCLK2_EXT_O |
| src3      | g3        | GTPE2_CHANNEL/RXOUTCLK | GTPE2_CHANNEL_X0Y1 | GTPE2_CHANNEL_X0Y1 | X1Y2         |           1 |               0 |               5.120 | Q0_RXCLK1    | u_ibert_core/inst/QUAD[0].u_q/CH[1].u_ch/u_gtpe2_channel/RXOUTCLK | u_ibert_core/inst/QUAD[0].u_q/CH[1].u_ch/RXOUTCLK_I[0]   |
| src4      | g4        | GTPE2_CHANNEL/RXOUTCLK | GTPE2_CHANNEL_X0Y2 | GTPE2_CHANNEL_X0Y2 | X1Y2         |           1 |               0 |               5.120 | Q0_RXCLK2    | u_ibert_core/inst/QUAD[0].u_q/CH[2].u_ch/u_gtpe2_channel/RXOUTCLK | u_ibert_core/inst/QUAD[0].u_q/CH[2].u_ch/RXOUTCLK_I[0]   |
| src5      | g5        | GTPE2_CHANNEL/RXOUTCLK | GTPE2_CHANNEL_X0Y3 | GTPE2_CHANNEL_X0Y3 | X1Y2         |           1 |               0 |               5.120 | Q0_RXCLK3    | u_ibert_core/inst/QUAD[0].u_q/CH[3].u_ch/u_gtpe2_channel/RXOUTCLK | u_ibert_core/inst/QUAD[0].u_q/CH[3].u_ch/RXOUTCLK_I[0]   |
| src6      | g6        | BSCANE2/DRCK           | None               | BSCAN_X0Y0         | X0Y0         |           1 |               0 |              30.000 | J_CLK        | u_ibert_core/inst/bscan_inst/SERIES7_BSCAN.bscan_inst/DRCK        | u_ibert_core/inst/bscan_inst/DRCK                        |
+-----------+-----------+------------------------+--------------------+--------------------+--------------+-------------+-----------------+---------------------+--------------+-------------------------------------------------------------------+----------------------------------------------------------+
* Clock Loads column represents the clock pin loads (pin count)
** Non-Clock Loads column represents the non-clock pin loads (pin count)


4. Local Clock Details
----------------------

+----------+-------------------------+-------------------+--------------------------------+--------------+-------------+-----------------+--------------+-------+-------------------------------------------------------------------------------------------------------+-------------------------------------------------------------------------------------------------+
| Local Id | Driver Type/Pin         | Constraint        | Site/BEL                       | Clock Region | Clock Loads | Non-Clock Loads | Clock Period | Clock | Driver Pin                                                                                            | Net                                                                                             |
+----------+-------------------------+-------------------+--------------------------------+--------------+-------------+-----------------+--------------+-------+-------------------------------------------------------------------------------------------------------+-------------------------------------------------------------------------------------------------||
| 0        | GTPE2_COMMON/PLL0OUTCLK | GTPE2_COMMON_X0Y0 | GTPE2_COMMON_X0Y0/GTPE2_COMMON | X1Y2         |           4 |               0 |              |       | u_ibert_core/inst/QUAD[0].u_q/u_common/u_gtpe2_common/PLL0OUTCLK                                      | u_ibert_core/inst/QUAD[0].u_q/u_common/PLL0CLK_I                                                - Static -
| 1        | GTPE2_COMMON/PLL1OUTCLK | GTPE2_COMMON_X0Y0 | GTPE2_COMMON_X0Y0/GTPE2_COMMON | X1Y2         |           4 |               0 |              |       | u_ibert_core/inst/QUAD[0].u_q/u_common/u_gtpe2_common/PLL1OUTCLK                                      | u_ibert_core/inst/QUAD[0].u_q/u_common/PLL1CLK_I                                                - Static -
| 2        | FDRE/Q                  | PBlock            | SLICE_X33Y103/BFF              | X0Y2         |           1 |               1 |              |       | u_ibert_core/inst/QUAD[0].u_q/CH[0].u_ch/U_CHANNEL_REGS/reg_20A/I_EN_CTL_EQ1.U_CTL/xsdb_reg_reg[10]/Q | u_ibert_core/inst/QUAD[0].u_q/CH[0].u_ch/U_CHANNEL_REGS/reg_20A/I_EN_CTL_EQ1.U_CTL/clkrsvd0_reg - Static -
| 3        | FDRE/Q                  | PBlock            | SLICE_X34Y104/AFF              | X0Y2         |           1 |               1 |              |       | u_ibert_core/inst/QUAD[0].u_q/CH[0].u_ch/U_CHANNEL_REGS/reg_20A/I_EN_CTL_EQ1.U_CTL/xsdb_reg_reg[11]/Q | u_ibert_core/inst/QUAD[0].u_q/CH[0].u_ch/U_CHANNEL_REGS/reg_20A/I_EN_CTL_EQ1.U_CTL/clkrsvd1_reg - Static -
| 4        | FDRE/Q                  | PBlock            | SLICE_X34Y115/AFF              | X0Y2         |           1 |               1 |              |       | u_ibert_core/inst/QUAD[0].u_q/CH[1].u_ch/U_CHANNEL_REGS/reg_20A/I_EN_CTL_EQ1.U_CTL/xsdb_reg_reg[10]/Q | u_ibert_core/inst/QUAD[0].u_q/CH[1].u_ch/U_CHANNEL_REGS/reg_20A/I_EN_CTL_EQ1.U_CTL/clkrsvd0_reg - Static -
| 5        | FDRE/Q                  | PBlock            | SLICE_X35Y115/BFF              | X0Y2         |           1 |               1 |              |       | u_ibert_core/inst/QUAD[0].u_q/CH[1].u_ch/U_CHANNEL_REGS/reg_20A/I_EN_CTL_EQ1.U_CTL/xsdb_reg_reg[11]/Q | u_ibert_core/inst/QUAD[0].u_q/CH[1].u_ch/U_CHANNEL_REGS/reg_20A/I_EN_CTL_EQ1.U_CTL/clkrsvd1_reg - Static -
| 6        | FDRE/Q                  | PBlock            | SLICE_X48Y133/AFF              | X1Y2         |           1 |               1 |              |       | u_ibert_core/inst/QUAD[0].u_q/CH[2].u_ch/U_CHANNEL_REGS/reg_20A/I_EN_CTL_EQ1.U_CTL/xsdb_reg_reg[10]/Q | u_ibert_core/inst/QUAD[0].u_q/CH[2].u_ch/U_CHANNEL_REGS/reg_20A/I_EN_CTL_EQ1.U_CTL/clkrsvd0_reg - Static -
| 7        | FDRE/Q                  | PBlock            | SLICE_X48Y133/BFF              | X1Y2         |           1 |               1 |              |       | u_ibert_core/inst/QUAD[0].u_q/CH[2].u_ch/U_CHANNEL_REGS/reg_20A/I_EN_CTL_EQ1.U_CTL/xsdb_reg_reg[11]/Q | u_ibert_core/inst/QUAD[0].u_q/CH[2].u_ch/U_CHANNEL_REGS/reg_20A/I_EN_CTL_EQ1.U_CTL/clkrsvd1_reg - Static -
| 8        | FDRE/Q                  | PBlock            | SLICE_X50Y145/AFF              | X1Y2         |           1 |               1 |              |       | u_ibert_core/inst/QUAD[0].u_q/CH[3].u_ch/U_CHANNEL_REGS/reg_20A/I_EN_CTL_EQ1.U_CTL/xsdb_reg_reg[10]/Q | u_ibert_core/inst/QUAD[0].u_q/CH[3].u_ch/U_CHANNEL_REGS/reg_20A/I_EN_CTL_EQ1.U_CTL/clkrsvd0_reg - Static -
| 9        | FDRE/Q                  | PBlock            | SLICE_X50Y145/BFF              | X1Y2         |           1 |               1 |              |       | u_ibert_core/inst/QUAD[0].u_q/CH[3].u_ch/U_CHANNEL_REGS/reg_20A/I_EN_CTL_EQ1.U_CTL/xsdb_reg_reg[11]/Q | u_ibert_core/inst/QUAD[0].u_q/CH[3].u_ch/U_CHANNEL_REGS/reg_20A/I_EN_CTL_EQ1.U_CTL/clkrsvd1_reg - Static -
+----------+-------------------------+-------------------+--------------------------------+--------------+-------------+-----------------+--------------+-------+-------------------------------------------------------------------------------------------------------+-------------------------------------------------------------------------------------------------||
* Local Clocks in this context represents only clocks driven by non-global buffers
** Clock Loads column represents the clock pin loads (pin count)
*** Non-Clock Loads column represents the non-clock pin loads (pin count)


5. Clock Regions: Key Resource Utilization
------------------------------------------

+-------------------+--------------+--------------+--------------+--------------+--------------+--------------+--------------+--------------+--------------+--------------+--------------+--------------+--------------+--------------+--------------+
|                   | Global Clock |     BUFRs    |    BUFMRs    |    BUFIOs    |     MMCM     |      PLL     |      GT      |      PCI     |    ILOGIC    |    OLOGIC    |      FF      |     LUTM     |    RAMB18    |    RAMB36    |    DSP48E2   |
+-------------------+------+-------+------+-------+------+-------+------+-------+------+-------+------+-------+------+-------+------+-------+------+-------+------+-------+------+-------+------+-------+------+-------+------+-------+------+-------+
| Clock Region Name | Used | Avail | Used | Avail | Used | Avail | Used | Avail | Used | Avail | Used | Avail | Used | Avail | Used | Avail | Used | Avail | Used | Avail | Used | Avail | Used | Avail | Used | Avail | Used | Avail | Used | Avail |
+-------------------+------+-------+------+-------+------+-------+------+-------+------+-------+------+-------+------+-------+------+-------+------+-------+------+-------+------+-------+------+-------+------+-------+------+-------+------+-------+
| X0Y0              |    0 |    12 |    0 |     4 |    0 |     2 |    0 |     4 |    0 |     1 |    0 |     1 |    0 |     0 |    0 |     0 |    0 |    50 |    0 |    50 |    0 |  1200 |    0 |   400 |    0 |    20 |    0 |    10 |    0 |    20 |
| X1Y0              |    0 |    12 |    0 |     4 |    0 |     2 |    0 |     4 |    0 |     1 |    0 |     1 |    0 |     0 |    0 |     0 |    0 |    50 |    0 |    50 |    0 |  1500 |    0 |   450 |    0 |    40 |    0 |    20 |    0 |    20 |
| X0Y1              |    1 |    12 |    0 |     4 |    0 |     2 |    0 |     4 |    0 |     1 |    0 |     1 |    0 |     0 |    0 |     0 |    0 |    50 |    0 |    50 |  568 |  1200 |  223 |   400 |    0 |    20 |    0 |    10 |    0 |    20 |
| X1Y1              |    1 |    12 |    0 |     4 |    0 |     2 |    0 |     4 |    0 |     1 |    0 |     1 |    0 |     0 |    0 |     0 |    0 |    50 |    0 |    50 |  933 |  1500 |  283 |   450 |    0 |    40 |    0 |    20 |    0 |    20 |
| X0Y2              |    2 |    12 |    1 |     4 |    0 |     2 |    0 |     4 |    0 |     1 |    0 |     1 |    0 |     0 |    0 |     0 |    0 |    50 |    0 |    50 | 5112 |  1800 | 1154 |   400 |    0 |    20 |    0 |    10 |    0 |    20 |
| X1Y2              |    6 |    12 |    0 |     0 |    0 |     0 |    0 |     0 |    0 |     0 |    0 |     0 |    4 |     4 |    0 |     1 |    0 |     0 |    0 |     0 | 3965 |   950 | 1351 |   300 |    0 |    10 |    0 |     5 |    8 |    20 |
+-------------------+------+-------+------+-------+------+-------+------+-------+------+-------+------+-------+------+-------+------+-------+------+-------+------+-------+------+-------+------+-------+------+-------+------+-------+------+-------+
* Global Clock column represents track count; while other columns represents cell counts


6. Clock Regions : Global Clock Summary
---------------------------------------

All Modules
+----+----+----+
|    | X0 | X1 |
+----+----+----+
| Y2 |  2 |  6 |
| Y1 |  1 |  1 |
| Y0 |  0 |  0 |
+----+----+----+


7. Device Cell Placement Summary for Global Clock g0
----------------------------------------------------

+-----------+-----------------+-------------------+-----------+-------------+---------------+-------------+----------+----------------+----------+------------------------+
| Global Id | Driver Type/Pin | Driver Region (D) | Clock     | Period (ns) | Waveform (ns) | Slice Loads | IO Loads | Clocking Loads | GT Loads | Net                    |
+-----------+-----------------+-------------------+-----------+-------------+---------------+-------------+----------+----------------+----------+------------------------+
| g0        | BUFG/O          | n/a               | dclk_mmcm |      10.000 | {0.000 5.000} |        7645 |        0 |              0 |        5 | u_ibert_core/inst/dclk |
+-----------+-----------------+-------------------+-----------+-------------+---------------+-------------+----------+----------------+----------+------------------------+
* Slice Loads column represents load cell count of all cell types other than IO, GT and clock resources
** IO Loads column represents load cell count of IO types
*** Clocking Loads column represents load cell count that are clock resources (global clock buffer, MMCM, PLL, etc)
**** GT Loads column represents load cell count of GT types


+----+-------+-------+-----------------------+
|    | X0    | X1    | HORIZONTAL PROG DELAY |
+----+-------+-------+-----------------------+
| Y2 |  4859 |  1290 |                     0 |
| Y1 |   568 |   933 |                     0 |
| Y0 |     0 |     0 |                     0 |
+----+-------+-------+-----------------------+


8. Device Cell Placement Summary for Global Clock g1
----------------------------------------------------

+-----------+-----------------+-------------------+--------+-------------+---------------+-------------+----------+----------------+----------+-----------------------------------------------------------------+
| Global Id | Driver Type/Pin | Driver Region (D) | Clock  | Period (ns) | Waveform (ns) | Slice Loads | IO Loads | Clocking Loads | GT Loads | Net                                                             |
+-----------+-----------------+-------------------+--------+-------------+---------------+-------------+----------+----------------+----------+-----------------------------------------------------------------+
| g1        | BUFH/O          | X1Y2              | Q0_TX0 |       5.120 | {0.000 2.560} |         928 |        0 |              0 |        4 | u_ibert_core/inst/QUAD[0].u_q/u_common/u_clocking/TXUSRCLK_O[0] |
+-----------+-----------------+-------------------+--------+-------------+---------------+-------------+----------+----------------+----------+-----------------------------------------------------------------+
* Slice Loads column represents load cell count of all cell types other than IO, GT and clock resources
** IO Loads column represents load cell count of IO types
*** Clocking Loads column represents load cell count that are clock resources (global clock buffer, MMCM, PLL, etc)
**** GT Loads column represents load cell count of GT types


+----+----+----------+-----------------------+
|    | X0 | X1       | HORIZONTAL PROG DELAY |
+----+----+----------+-----------------------+
| Y2 |  0 |  (D) 932 |                     0 |
| Y1 |  0 |        0 |                     0 |
| Y0 |  0 |        0 |                     0 |
+----+----+----------+-----------------------+


9. Device Cell Placement Summary for Global Clock g2
----------------------------------------------------

+-----------+-----------------+-------------------+-----------+-------------+---------------+-------------+----------+----------------+----------+-----------------------------------------------------------------+
| Global Id | Driver Type/Pin | Driver Region (D) | Clock     | Period (ns) | Waveform (ns) | Slice Loads | IO Loads | Clocking Loads | GT Loads | Net                                                             |
+-----------+-----------------+-------------------+-----------+-------------+---------------+-------------+----------+----------------+----------+-----------------------------------------------------------------+
| g2        | BUFH/O          | X1Y2              | Q0_RXCLK0 |       5.120 | {0.000 2.560} |         456 |        0 |              0 |        1 | u_ibert_core/inst/QUAD[0].u_q/u_common/u_clocking/RXUSRCLK_O[0] |
+-----------+-----------------+-------------------+-----------+-------------+---------------+-------------+----------+----------------+----------+-----------------------------------------------------------------+
* Slice Loads column represents load cell count of all cell types other than IO, GT and clock resources
** IO Loads column represents load cell count of IO types
*** Clocking Loads column represents load cell count that are clock resources (global clock buffer, MMCM, PLL, etc)
**** GT Loads column represents load cell count of GT types


+----+----+----------+-----------------------+
|    | X0 | X1       | HORIZONTAL PROG DELAY |
+----+----+----------+-----------------------+
| Y2 |  0 |  (D) 457 |                     0 |
| Y1 |  0 |        0 |                     0 |
| Y0 |  0 |        0 |                     0 |
+----+----+----------+-----------------------+


10. Device Cell Placement Summary for Global Clock g3
-----------------------------------------------------

+-----------+-----------------+-------------------+-----------+-------------+---------------+-------------+----------+----------------+----------+-----------------------------------------------------------------+
| Global Id | Driver Type/Pin | Driver Region (D) | Clock     | Period (ns) | Waveform (ns) | Slice Loads | IO Loads | Clocking Loads | GT Loads | Net                                                             |
+-----------+-----------------+-------------------+-----------+-------------+---------------+-------------+----------+----------------+----------+-----------------------------------------------------------------+
| g3        | BUFH/O          | X1Y2              | Q0_RXCLK1 |       5.120 | {0.000 2.560} |         456 |        0 |              0 |        1 | u_ibert_core/inst/QUAD[0].u_q/u_common/u_clocking/RXUSRCLK_O[1] |
+-----------+-----------------+-------------------+-----------+-------------+---------------+-------------+----------+----------------+----------+-----------------------------------------------------------------+
* Slice Loads column represents load cell count of all cell types other than IO, GT and clock resources
** IO Loads column represents load cell count of IO types
*** Clocking Loads column represents load cell count that are clock resources (global clock buffer, MMCM, PLL, etc)
**** GT Loads column represents load cell count of GT types


+----+----+----------+-----------------------+
|    | X0 | X1       | HORIZONTAL PROG DELAY |
+----+----+----------+-----------------------+
| Y2 |  0 |  (D) 457 |                     0 |
| Y1 |  0 |        0 |                     0 |
| Y0 |  0 |        0 |                     0 |
+----+----+----------+-----------------------+


11. Device Cell Placement Summary for Global Clock g4
-----------------------------------------------------

+-----------+-----------------+-------------------+-----------+-------------+---------------+-------------+----------+----------------+----------+-----------------------------------------------------------------+
| Global Id | Driver Type/Pin | Driver Region (D) | Clock     | Period (ns) | Waveform (ns) | Slice Loads | IO Loads | Clocking Loads | GT Loads | Net                                                             |
+-----------+-----------------+-------------------+-----------+-------------+---------------+-------------+----------+----------------+----------+-----------------------------------------------------------------+
| g4        | BUFH/O          | X1Y2              | Q0_RXCLK2 |       5.120 | {0.000 2.560} |         456 |        0 |              0 |        1 | u_ibert_core/inst/QUAD[0].u_q/u_common/u_clocking/RXUSRCLK_O[2] |
+-----------+-----------------+-------------------+-----------+-------------+---------------+-------------+----------+----------------+----------+-----------------------------------------------------------------+
* Slice Loads column represents load cell count of all cell types other than IO, GT and clock resources
** IO Loads column represents load cell count of IO types
*** Clocking Loads column represents load cell count that are clock resources (global clock buffer, MMCM, PLL, etc)
**** GT Loads column represents load cell count of GT types


+----+----+----------+-----------------------+
|    | X0 | X1       | HORIZONTAL PROG DELAY |
+----+----+----------+-----------------------+
| Y2 |  0 |  (D) 457 |                     0 |
| Y1 |  0 |        0 |                     0 |
| Y0 |  0 |        0 |                     0 |
+----+----+----------+-----------------------+


12. Device Cell Placement Summary for Global Clock g5
-----------------------------------------------------

+-----------+-----------------+-------------------+-----------+-------------+---------------+-------------+----------+----------------+----------+-----------------------------------------------------------------+
| Global Id | Driver Type/Pin | Driver Region (D) | Clock     | Period (ns) | Waveform (ns) | Slice Loads | IO Loads | Clocking Loads | GT Loads | Net                                                             |
+-----------+-----------------+-------------------+-----------+-------------+---------------+-------------+----------+----------------+----------+-----------------------------------------------------------------+
| g5        | BUFH/O          | X1Y2              | Q0_RXCLK3 |       5.120 | {0.000 2.560} |         456 |        0 |              0 |        1 | u_ibert_core/inst/QUAD[0].u_q/u_common/u_clocking/RXUSRCLK_O[3] |
+-----------+-----------------+-------------------+-----------+-------------+---------------+-------------+----------+----------------+----------+-----------------------------------------------------------------+
* Slice Loads column represents load cell count of all cell types other than IO, GT and clock resources
** IO Loads column represents load cell count of IO types
*** Clocking Loads column represents load cell count that are clock resources (global clock buffer, MMCM, PLL, etc)
**** GT Loads column represents load cell count of GT types


+----+----+----------+-----------------------+
|    | X0 | X1       | HORIZONTAL PROG DELAY |
+----+----+----------+-----------------------+
| Y2 |  0 |  (D) 457 |                     0 |
| Y1 |  0 |        0 |                     0 |
| Y0 |  0 |        0 |                     0 |
+----+----+----------+-----------------------+


13. Device Cell Placement Summary for Global Clock g6
-----------------------------------------------------

+-----------+-----------------+-------------------+-------+-------------+----------------+-------------+----------+----------------+----------+----------------------------------+
| Global Id | Driver Type/Pin | Driver Region (D) | Clock | Period (ns) | Waveform (ns)  | Slice Loads | IO Loads | Clocking Loads | GT Loads | Net                              |
+-----------+-----------------+-------------------+-------+-------------+----------------+-------------+----------+----------------+----------+----------------------------------+
| g6        | BUFR/O          | X0Y2              | J_CLK |      30.000 | {0.000 15.000} |         253 |        0 |              0 |        0 | u_ibert_core/inst/u_bufr/DRCK_IN |
+-----------+-----------------+-------------------+-------+-------------+----------------+-------------+----------+----------------+----------+----------------------------------+
* Slice Loads column represents load cell count of all cell types other than IO, GT and clock resources
** IO Loads column represents load cell count of IO types
*** Clocking Loads column represents load cell count that are clock resources (global clock buffer, MMCM, PLL, etc)
**** GT Loads column represents load cell count of GT types


+----+----------+----+-----------------------+
|    | X0       | X1 | HORIZONTAL PROG DELAY |
+----+----------+----+-----------------------+
| Y2 |  (D) 253 |  0 |                     0 |
| Y1 |        0 |  0 |                     0 |
| Y0 |        0 |  0 |                     0 |
+----+----------+----+-----------------------+


14. Clock Region Cell Placement per Global Clock: Region X0Y1
-------------------------------------------------------------

+-----------+-------+-----------------+------------+-------------+-----------------+-----+--------+------+-----+----+------+-----+---------+------------------------+
| Global Id | Track | Driver Type/Pin | Constraint | Clock Loads | Non-Clock Loads | FF  | LUTRAM | RAMB | DSP | GT | MMCM | PLL | Hard IP | Net                    |
+-----------+-------+-----------------+------------+-------------+-----------------+-----+--------+------+-----+----+------+-----+---------+------------------------+
| g0        | n/a   | BUFG/O          | None       |         568 |               0 | 568 |      0 |    0 |   0 |  0 |    0 |   0 |       0 | u_ibert_core/inst/dclk |
+-----------+-------+-----------------+------------+-------------+-----------------+-----+--------+------+-----+----+------+-----+---------+------------------------+
* Clock Loads column represents the clock pin loads (pin count)
** Non-Clock Loads column represents the non-clock pin loads (pin count)
*** Columns FF, LUTRAM, RAMB through 'Hard IP' represents load cell counts


15. Clock Region Cell Placement per Global Clock: Region X1Y1
-------------------------------------------------------------

+-----------+-------+-----------------+------------+-------------+-----------------+-----+--------+------+-----+----+------+-----+---------+------------------------+
| Global Id | Track | Driver Type/Pin | Constraint | Clock Loads | Non-Clock Loads | FF  | LUTRAM | RAMB | DSP | GT | MMCM | PLL | Hard IP | Net                    |
+-----------+-------+-----------------+------------+-------------+-----------------+-----+--------+------+-----+----+------+-----+---------+------------------------+
| g0        | n/a   | BUFG/O          | None       |         933 |               0 | 933 |      0 |    0 |   0 |  0 |    0 |   0 |       0 | u_ibert_core/inst/dclk |
+-----------+-------+-----------------+------------+-------------+-----------------+-----+--------+------+-----+----+------+-----+---------+------------------------+
* Clock Loads column represents the clock pin loads (pin count)
** Non-Clock Loads column represents the non-clock pin loads (pin count)
*** Columns FF, LUTRAM, RAMB through 'Hard IP' represents load cell counts


16. Clock Region Cell Placement per Global Clock: Region X0Y2
-------------------------------------------------------------

+-----------+-------+-----------------+------------+-------------+-----------------+------+--------+------+-----+----+------+-----+---------+----------------------------------+
| Global Id | Track | Driver Type/Pin | Constraint | Clock Loads | Non-Clock Loads | FF   | LUTRAM | RAMB | DSP | GT | MMCM | PLL | Hard IP | Net                              |
+-----------+-------+-----------------+------------+-------------+-----------------+------+--------+------+-----+----+------+-----+---------+----------------------------------+
| g0        | n/a   | BUFG/O          | None       |        4859 |               0 | 4859 |      0 |    0 |   0 |  0 |    0 |   0 |       0 | u_ibert_core/inst/dclk           |
| g6        | n/a   | BUFR/O          | None       |         253 |               0 |  253 |      0 |    0 |   0 |  0 |    0 |   0 |       0 | u_ibert_core/inst/u_bufr/DRCK_IN |
+-----------+-------+-----------------+------------+-------------+-----------------+------+--------+------+-----+----+------+-----+---------+----------------------------------+
* Clock Loads column represents the clock pin loads (pin count)
** Non-Clock Loads column represents the non-clock pin loads (pin count)
*** Columns FF, LUTRAM, RAMB through 'Hard IP' represents load cell counts


17. Clock Region Cell Placement per Global Clock: Region X1Y2
-------------------------------------------------------------

+-----------+-------+-----------------+--------------+-------------+-----------------+------+--------+------+-----+----+------+-----+---------+-----------------------------------------------------------------+
| Global Id | Track | Driver Type/Pin | Constraint   | Clock Loads | Non-Clock Loads | FF   | LUTRAM | RAMB | DSP | GT | MMCM | PLL | Hard IP | Net                                                             |
+-----------+-------+-----------------+--------------+-------------+-----------------+------+--------+------+-----+----+------+-----+---------+-----------------------------------------------------------------+
| g0        | n/a   | BUFG/O          | None         |        1290 |               0 | 1285 |      0 |    0 |   0 |  4 |    0 |   0 |       0 | u_ibert_core/inst/dclk                                          |
| g1        | n/a   | BUFH/O          | BUFHCE_X1Y24 |         932 |               0 |  928 |      0 |    0 |   0 |  4 |    0 |   0 |       0 | u_ibert_core/inst/QUAD[0].u_q/u_common/u_clocking/TXUSRCLK_O[0] |
| g2        | n/a   | BUFH/O          | BUFHCE_X1Y25 |         457 |               0 |  438 |     16 |    0 |   2 |  1 |    0 |   0 |       0 | u_ibert_core/inst/QUAD[0].u_q/u_common/u_clocking/RXUSRCLK_O[0] |
| g3        | n/a   | BUFH/O          | BUFHCE_X1Y26 |         457 |               0 |  438 |     16 |    0 |   2 |  1 |    0 |   0 |       0 | u_ibert_core/inst/QUAD[0].u_q/u_common/u_clocking/RXUSRCLK_O[1] |
| g4        | n/a   | BUFH/O          | BUFHCE_X1Y27 |         457 |               0 |  438 |     16 |    0 |   2 |  1 |    0 |   0 |       0 | u_ibert_core/inst/QUAD[0].u_q/u_common/u_clocking/RXUSRCLK_O[2] |
| g5        | n/a   | BUFH/O          | BUFHCE_X1Y28 |         457 |               0 |  438 |     16 |    0 |   2 |  1 |    0 |   0 |       0 | u_ibert_core/inst/QUAD[0].u_q/u_common/u_clocking/RXUSRCLK_O[3] |
+-----------+-------+-----------------+--------------+-------------+-----------------+------+--------+------+-----+----+------+-----+---------+-----------------------------------------------------------------+
* Clock Loads column represents the clock pin loads (pin count)
** Non-Clock Loads column represents the non-clock pin loads (pin count)
*** Columns FF, LUTRAM, RAMB through 'Hard IP' represents load cell counts



# Location of BUFG Primitives 
set_property LOC BUFGCTRL_X0Y0 [get_cells u_ibert_core/inst/SYSCLK_DIVIDER.u_bufg_dclk]

# Location of BUFH Primitives 
set_property LOC BUFHCE_X1Y24 [get_cells u_ibert_core/inst/QUAD[0].u_q/u_common/u_clocking/local_txusr.u_txusr]
set_property LOC BUFHCE_X1Y28 [get_cells u_ibert_core/inst/QUAD[0].u_q/u_common/u_clocking/rx_ind.u_rxusr3]
set_property LOC BUFHCE_X1Y27 [get_cells u_ibert_core/inst/QUAD[0].u_q/u_common/u_clocking/rx_ind.u_rxusr2]
set_property LOC BUFHCE_X1Y26 [get_cells u_ibert_core/inst/QUAD[0].u_q/u_common/u_clocking/rx_ind.u_rxusr1]
set_property LOC BUFHCE_X1Y25 [get_cells u_ibert_core/inst/QUAD[0].u_q/u_common/u_clocking/rx_ind.u_rxusr0]

# Location of BUFR Primitives 
set_property LOC BUFR_X0Y9 [get_cells u_ibert_core/inst/u_bufr/SERIES7_BUFR.BUFR_inst]

# Location of IO Primitives which is load of clock spine

# Location of clock ports
set_property LOC IOB_X1Y37 [get_ports SYSCLKN_I]
set_property LOC IOB_X1Y38 [get_ports SYSCLKP_I]

# Clock net "u_ibert_core/inst/u_bufr/DRCK_IN" driven by instance "u_ibert_core/inst/u_bufr/SERIES7_BUFR.BUFR_inst" located at site "BUFR_X0Y9"
#startgroup
create_pblock {CLKAG_u_ibert_core/inst/u_bufr/DRCK_IN}
add_cells_to_pblock [get_pblocks  {CLKAG_u_ibert_core/inst/u_bufr/DRCK_IN}] [get_cells -filter { PRIMITIVE_GROUP != I/O && IS_PRIMITIVE==1 && PRIMITIVE_LEVEL !=INTERNAL } -of_object [get_pins -filter {DIRECTION==IN} -of_objects [get_nets -hierarchical -filter {PARENT=="u_ibert_core/inst/u_bufr/DRCK_IN"}]]]
resize_pblock [get_pblocks {CLKAG_u_ibert_core/inst/u_bufr/DRCK_IN}] -add {CLOCKREGION_X0Y0:CLOCKREGION_X0Y0 CLOCKREGION_X0Y1:CLOCKREGION_X0Y1 CLOCKREGION_X0Y2:CLOCKREGION_X0Y2 CLOCKREGION_X1Y0:CLOCKREGION_X1Y0 CLOCKREGION_X1Y1:CLOCKREGION_X1Y1 CLOCKREGION_X1Y2:CLOCKREGION_X1Y2}
#endgroup

# Clock net "u_ibert_core/inst/dclk" driven by instance "u_ibert_core/inst/SYSCLK_DIVIDER.u_bufg_dclk" located at site "BUFGCTRL_X0Y0"
#startgroup
create_pblock {CLKAG_u_ibert_core/inst/dclk}
add_cells_to_pblock [get_pblocks  {CLKAG_u_ibert_core/inst/dclk}] [get_cells -filter { PRIMITIVE_GROUP != I/O && IS_PRIMITIVE==1 && PRIMITIVE_LEVEL !=INTERNAL } -of_object [get_pins -filter {DIRECTION==IN} -of_objects [get_nets -hierarchical -filter {PARENT=="u_ibert_core/inst/dclk"}]]]
resize_pblock [get_pblocks {CLKAG_u_ibert_core/inst/dclk}] -add {CLOCKREGION_X0Y0:CLOCKREGION_X0Y0 CLOCKREGION_X0Y1:CLOCKREGION_X0Y1 CLOCKREGION_X0Y2:CLOCKREGION_X0Y2 CLOCKREGION_X1Y0:CLOCKREGION_X1Y0 CLOCKREGION_X1Y1:CLOCKREGION_X1Y1 CLOCKREGION_X1Y2:CLOCKREGION_X1Y2}
#endgroup

# Clock net "u_ibert_core/inst/QUAD[0].u_q/u_common/u_clocking/TXUSRCLK_O[0]" driven by instance "u_ibert_core/inst/QUAD[0].u_q/u_common/u_clocking/local_txusr.u_txusr" located at site "BUFHCE_X1Y24"
#startgroup
create_pblock {CLKAG_u_ibert_core/inst/QUAD[0].u_q/u_common/u_clocking/TXUSRCLK_O[0]}
add_cells_to_pblock [get_pblocks  {CLKAG_u_ibert_core/inst/QUAD[0].u_q/u_common/u_clocking/TXUSRCLK_O[0]}] [get_cells -filter { PRIMITIVE_GROUP != I/O && IS_PRIMITIVE==1 && PRIMITIVE_LEVEL !=INTERNAL } -of_object [get_pins -filter {DIRECTION==IN} -of_objects [get_nets -hierarchical -filter {PARENT=="u_ibert_core/inst/QUAD[0].u_q/u_common/u_clocking/TXUSRCLK_O[0]"}]]]
resize_pblock [get_pblocks {CLKAG_u_ibert_core/inst/QUAD[0].u_q/u_common/u_clocking/TXUSRCLK_O[0]}] -add {CLOCKREGION_X0Y0:CLOCKREGION_X0Y0 CLOCKREGION_X0Y1:CLOCKREGION_X0Y1 CLOCKREGION_X0Y2:CLOCKREGION_X0Y2 CLOCKREGION_X1Y0:CLOCKREGION_X1Y0 CLOCKREGION_X1Y1:CLOCKREGION_X1Y1 CLOCKREGION_X1Y2:CLOCKREGION_X1Y2}
#endgroup

# Clock net "u_ibert_core/inst/QUAD[0].u_q/u_common/u_clocking/RXUSRCLK_O[3]" driven by instance "u_ibert_core/inst/QUAD[0].u_q/u_common/u_clocking/rx_ind.u_rxusr3" located at site "BUFHCE_X1Y28"
#startgroup
create_pblock {CLKAG_u_ibert_core/inst/QUAD[0].u_q/u_common/u_clocking/RXUSRCLK_O[3]}
add_cells_to_pblock [get_pblocks  {CLKAG_u_ibert_core/inst/QUAD[0].u_q/u_common/u_clocking/RXUSRCLK_O[3]}] [get_cells -filter { PRIMITIVE_GROUP != I/O && IS_PRIMITIVE==1 && PRIMITIVE_LEVEL !=INTERNAL } -of_object [get_pins -filter {DIRECTION==IN} -of_objects [get_nets -hierarchical -filter {PARENT=="u_ibert_core/inst/QUAD[0].u_q/u_common/u_clocking/RXUSRCLK_O[3]"}]]]
resize_pblock [get_pblocks {CLKAG_u_ibert_core/inst/QUAD[0].u_q/u_common/u_clocking/RXUSRCLK_O[3]}] -add {CLOCKREGION_X0Y0:CLOCKREGION_X0Y0 CLOCKREGION_X0Y1:CLOCKREGION_X0Y1 CLOCKREGION_X0Y2:CLOCKREGION_X0Y2 CLOCKREGION_X1Y0:CLOCKREGION_X1Y0 CLOCKREGION_X1Y1:CLOCKREGION_X1Y1 CLOCKREGION_X1Y2:CLOCKREGION_X1Y2}
#endgroup

# Clock net "u_ibert_core/inst/QUAD[0].u_q/u_common/u_clocking/RXUSRCLK_O[2]" driven by instance "u_ibert_core/inst/QUAD[0].u_q/u_common/u_clocking/rx_ind.u_rxusr2" located at site "BUFHCE_X1Y27"
#startgroup
create_pblock {CLKAG_u_ibert_core/inst/QUAD[0].u_q/u_common/u_clocking/RXUSRCLK_O[2]}
add_cells_to_pblock [get_pblocks  {CLKAG_u_ibert_core/inst/QUAD[0].u_q/u_common/u_clocking/RXUSRCLK_O[2]}] [get_cells -filter { PRIMITIVE_GROUP != I/O && IS_PRIMITIVE==1 && PRIMITIVE_LEVEL !=INTERNAL } -of_object [get_pins -filter {DIRECTION==IN} -of_objects [get_nets -hierarchical -filter {PARENT=="u_ibert_core/inst/QUAD[0].u_q/u_common/u_clocking/RXUSRCLK_O[2]"}]]]
resize_pblock [get_pblocks {CLKAG_u_ibert_core/inst/QUAD[0].u_q/u_common/u_clocking/RXUSRCLK_O[2]}] -add {CLOCKREGION_X0Y0:CLOCKREGION_X0Y0 CLOCKREGION_X0Y1:CLOCKREGION_X0Y1 CLOCKREGION_X0Y2:CLOCKREGION_X0Y2 CLOCKREGION_X1Y0:CLOCKREGION_X1Y0 CLOCKREGION_X1Y1:CLOCKREGION_X1Y1 CLOCKREGION_X1Y2:CLOCKREGION_X1Y2}
#endgroup

# Clock net "u_ibert_core/inst/QUAD[0].u_q/u_common/u_clocking/RXUSRCLK_O[1]" driven by instance "u_ibert_core/inst/QUAD[0].u_q/u_common/u_clocking/rx_ind.u_rxusr1" located at site "BUFHCE_X1Y26"
#startgroup
create_pblock {CLKAG_u_ibert_core/inst/QUAD[0].u_q/u_common/u_clocking/RXUSRCLK_O[1]}
add_cells_to_pblock [get_pblocks  {CLKAG_u_ibert_core/inst/QUAD[0].u_q/u_common/u_clocking/RXUSRCLK_O[1]}] [get_cells -filter { PRIMITIVE_GROUP != I/O && IS_PRIMITIVE==1 && PRIMITIVE_LEVEL !=INTERNAL } -of_object [get_pins -filter {DIRECTION==IN} -of_objects [get_nets -hierarchical -filter {PARENT=="u_ibert_core/inst/QUAD[0].u_q/u_common/u_clocking/RXUSRCLK_O[1]"}]]]
resize_pblock [get_pblocks {CLKAG_u_ibert_core/inst/QUAD[0].u_q/u_common/u_clocking/RXUSRCLK_O[1]}] -add {CLOCKREGION_X0Y0:CLOCKREGION_X0Y0 CLOCKREGION_X0Y1:CLOCKREGION_X0Y1 CLOCKREGION_X0Y2:CLOCKREGION_X0Y2 CLOCKREGION_X1Y0:CLOCKREGION_X1Y0 CLOCKREGION_X1Y1:CLOCKREGION_X1Y1 CLOCKREGION_X1Y2:CLOCKREGION_X1Y2}
#endgroup

# Clock net "u_ibert_core/inst/QUAD[0].u_q/u_common/u_clocking/RXUSRCLK_O[0]" driven by instance "u_ibert_core/inst/QUAD[0].u_q/u_common/u_clocking/rx_ind.u_rxusr0" located at site "BUFHCE_X1Y25"
#startgroup
create_pblock {CLKAG_u_ibert_core/inst/QUAD[0].u_q/u_common/u_clocking/RXUSRCLK_O[0]}
add_cells_to_pblock [get_pblocks  {CLKAG_u_ibert_core/inst/QUAD[0].u_q/u_common/u_clocking/RXUSRCLK_O[0]}] [get_cells -filter { PRIMITIVE_GROUP != I/O && IS_PRIMITIVE==1 && PRIMITIVE_LEVEL !=INTERNAL } -of_object [get_pins -filter {DIRECTION==IN} -of_objects [get_nets -hierarchical -filter {PARENT=="u_ibert_core/inst/QUAD[0].u_q/u_common/u_clocking/RXUSRCLK_O[0]"}]]]
resize_pblock [get_pblocks {CLKAG_u_ibert_core/inst/QUAD[0].u_q/u_common/u_clocking/RXUSRCLK_O[0]}] -add {CLOCKREGION_X0Y0:CLOCKREGION_X0Y0 CLOCKREGION_X0Y1:CLOCKREGION_X0Y1 CLOCKREGION_X0Y2:CLOCKREGION_X0Y2 CLOCKREGION_X1Y0:CLOCKREGION_X1Y0 CLOCKREGION_X1Y1:CLOCKREGION_X1Y1 CLOCKREGION_X1Y2:CLOCKREGION_X1Y2}
#endgroup
